0 info it worked if it ends with ok
1 verbose cli [ 'C:\\Program Files\\nodejs\\node.exe',
1 verbose cli   'C:\\Program Files\\nodejs\\node_modules\\npm\\bin\\npm-cli.js',
1 verbose cli   'run',
1 verbose cli   'debug' ]
2 info using npm@3.10.3
3 info using node@v6.3.0
4 verbose run-script [ 'predebug', 'debug', 'postdebug' ]
5 info lifecycle ski-dictionary@1.0.0~predebug: ski-dictionary@1.0.0
6 verbose lifecycle ski-dictionary@1.0.0~predebug: unsafe-perm in lifecycle true
7 verbose lifecycle ski-dictionary@1.0.0~predebug: PATH: C:\Program Files\nodejs\node_modules\npm\bin\node-gyp-bin;C:\D_Disk\projects\node_course\11.03_07\node_modules\.bin;C:\Program Files\nodejs;C:\Program Files\ConEmu\ConEmu\Scripts;C:\Program Files\ConEmu;C:\Program Files\ConEmu\ConEmu;C:\oraclexe\app\oracle\product\11.2.0\server\bin;C:\ProgramData\Oracle\Java\javapath;C:\Python27\;C:\Python27\Scripts;C:\WINDOWS\system32;C:\WINDOWS;C:\WINDOWS\System32\Wbem;C:\WINDOWS\System32\WindowsPowerShell\v1.0\;C:\Program Files\TortoiseSVN\bin;C:\Program Files\Microsoft SQL Server\130\Tools\Binn\;C:\Program Files\Microsoft SQL Server\120\DTS\Binn\;C:\Program Files\Microsoft SQL Server\Client SDK\ODBC\110\Tools\Binn\;C:\Program Files (x86)\Microsoft SQL Server\120\Tools\Binn\;C:\Program Files\Microsoft SQL Server\120\Tools\Binn\;C:\Program Files (x86)\Microsoft SQL Server\120\Tools\Binn\ManagementStudio\;C:\Program Files (x86)\Microsoft SQL Server\120\DTS\Binn\;C:\Program Files (x86)\Windows Kits\10\Windows Performance Toolkit\;C:\Program Files\nodejs\;C:\Program Files\Curl\bin;C:\Program Files (x86)\Windows Kits\8.1\Windows Performance Toolkit\;C:\Program Files\dotnet\;C:\Program Files\Git\cmd;C:\Program Files\MongoDB\Server\3.4\bin\;C:\Program Files (x86)\Skype\Phone\;C:\Ruby23-x64\bin;C:\Python27\Scripts\;C:\Program Files (x86)\Microsoft VS Code\bin;C:\Users\Ihor_Hadzera\AppData\Roaming\npm
8 verbose lifecycle ski-dictionary@1.0.0~predebug: CWD: C:\D_Disk\projects\node_course\11.03_07
9 silly lifecycle ski-dictionary@1.0.0~predebug: Args: [ '/d /s /c', 'grunt' ]
10 silly lifecycle ski-dictionary@1.0.0~predebug: Returned: code: 0  signal: null
11 info lifecycle ski-dictionary@1.0.0~debug: ski-dictionary@1.0.0
12 verbose lifecycle ski-dictionary@1.0.0~debug: unsafe-perm in lifecycle true
13 verbose lifecycle ski-dictionary@1.0.0~debug: PATH: C:\Program Files\nodejs\node_modules\npm\bin\node-gyp-bin;C:\D_Disk\projects\node_course\11.03_07\node_modules\.bin;C:\Program Files\nodejs;C:\Program Files\ConEmu\ConEmu\Scripts;C:\Program Files\ConEmu;C:\Program Files\ConEmu\ConEmu;C:\oraclexe\app\oracle\product\11.2.0\server\bin;C:\ProgramData\Oracle\Java\javapath;C:\Python27\;C:\Python27\Scripts;C:\WINDOWS\system32;C:\WINDOWS;C:\WINDOWS\System32\Wbem;C:\WINDOWS\System32\WindowsPowerShell\v1.0\;C:\Program Files\TortoiseSVN\bin;C:\Program Files\Microsoft SQL Server\130\Tools\Binn\;C:\Program Files\Microsoft SQL Server\120\DTS\Binn\;C:\Program Files\Microsoft SQL Server\Client SDK\ODBC\110\Tools\Binn\;C:\Program Files (x86)\Microsoft SQL Server\120\Tools\Binn\;C:\Program Files\Microsoft SQL Server\120\Tools\Binn\;C:\Program Files (x86)\Microsoft SQL Server\120\Tools\Binn\ManagementStudio\;C:\Program Files (x86)\Microsoft SQL Server\120\DTS\Binn\;C:\Program Files (x86)\Windows Kits\10\Windows Performance Toolkit\;C:\Program Files\nodejs\;C:\Program Files\Curl\bin;C:\Program Files (x86)\Windows Kits\8.1\Windows Performance Toolkit\;C:\Program Files\dotnet\;C:\Program Files\Git\cmd;C:\Program Files\MongoDB\Server\3.4\bin\;C:\Program Files (x86)\Skype\Phone\;C:\Ruby23-x64\bin;C:\Python27\Scripts\;C:\Program Files (x86)\Microsoft VS Code\bin;C:\Users\Ihor_Hadzera\AppData\Roaming\npm
14 verbose lifecycle ski-dictionary@1.0.0~debug: CWD: C:\D_Disk\projects\node_course\11.03_07
15 silly lifecycle ski-dictionary@1.0.0~debug: Args: [ '/d /s /c', 'explorer http://localhost:8080/debug?port=5858' ]
16 silly lifecycle ski-dictionary@1.0.0~debug: Returned: code: 1  signal: null
17 info lifecycle ski-dictionary@1.0.0~debug: Failed to exec debug script
18 verbose stack Error: ski-dictionary@1.0.0 debug: `explorer http://localhost:8080/debug?port=5858`
18 verbose stack Exit status 1
18 verbose stack     at EventEmitter.<anonymous> (C:\Program Files\nodejs\node_modules\npm\lib\utils\lifecycle.js:242:16)
18 verbose stack     at emitTwo (events.js:106:13)
18 verbose stack     at EventEmitter.emit (events.js:191:7)
18 verbose stack     at ChildProcess.<anonymous> (C:\Program Files\nodejs\node_modules\npm\lib\utils\spawn.js:40:14)
18 verbose stack     at emitTwo (events.js:106:13)
18 verbose stack     at ChildProcess.emit (events.js:191:7)
18 verbose stack     at maybeClose (internal/child_process.js:852:16)
18 verbose stack     at Process.ChildProcess._handle.onexit (internal/child_process.js:215:5)
19 verbose pkgid ski-dictionary@1.0.0
20 verbose cwd C:\D_Disk\projects\node_course\11.03_07
21 error Windows_NT 10.0.10586
22 error argv "C:\\Program Files\\nodejs\\node.exe" "C:\\Program Files\\nodejs\\node_modules\\npm\\bin\\npm-cli.js" "run" "debug"
23 error node v6.3.0
24 error npm  v3.10.3
25 error code ELIFECYCLE
26 error ski-dictionary@1.0.0 debug: `explorer http://localhost:8080/debug?port=5858`
26 error Exit status 1
27 error Failed at the ski-dictionary@1.0.0 debug script 'explorer http://localhost:8080/debug?port=5858'.
27 error Make sure you have the latest version of node.js and npm installed.
27 error If you do, this is most likely a problem with the ski-dictionary package,
27 error not with npm itself.
27 error Tell the author that this fails on your system:
27 error     explorer http://localhost:8080/debug?port=5858
27 error You can get information on how to open an issue for this project with:
27 error     npm bugs ski-dictionary
27 error Or if that isn't available, you can get their info via:
27 error     npm owner ls ski-dictionary
27 error There is likely additional logging output above.
28 verbose exit [ 1, true ]
